{"level":"info","message":"Server up: http://localhost:3001","timestamp":"22:50:44"}
{"level":"info","message":"Server up: http://localhost:3001","timestamp":"22:53:45"}
{"level":"info","message":"Server up: http://localhost:3001","timestamp":"22:53:55"}
{"level":"info","message":"Server up: http://localhost:3001","timestamp":"22:55:03"}
{"level":"info","message":"Server up: http://localhost:3001","timestamp":"23:00:16"}
{"level":"info","message":"Connect to MongoDB succeded: mongodb://localhost/nodecorp","timestamp":"23:00:16"}
{"level":"info","message":"Server up: http://localhost:3001","timestamp":"23:00:29"}
{"level":"info","message":"Connect to MongoDB succeded: mongodb://localhost/nodecorp2","timestamp":"23:00:29"}
{"level":"info","message":"Server up: http://localhost:3001","timestamp":"23:01:03"}
{"level":"error","message":"Connect to MongoDB failed: MongoError: failed to connect to server [localhost2:27017] on first connect [MongoError: getaddrinfo ENOTFOUND localhost2 localhost2:27017]","timestamp":"23:01:05"}
{"level":"info","message":"Server up: http://localhost:3001","timestamp":"23:01:39"}
{"level":"info","message":"Connect to MongoDB succeded: mongodb://localhost/nodecorp","timestamp":"23:01:39"}
{"level":"info","message":"Server up: http://localhost:3001","timestamp":"23:03:31"}
{"level":"info","message":"Server up: http://localhost:3001","timestamp":"23:03:31"}
{"level":"info","message":"Connect to MongoDB succeded: mongodb://localhost/nodecorp","timestamp":"23:03:31"}
{"level":"info","message":"Server up: http://localhost:3001","timestamp":"23:03:53"}
{"level":"info","message":"Connect to MongoDB succeded: mongodb://localhost/nodecorp","timestamp":"23:03:53"}
{"level":"info","message":"Server up: http://localhost:3001","timestamp":"23:15:39"}
{"level":"info","message":"Connect to MongoDB succeded: mongodb://localhost/nodecorp","timestamp":"23:15:39"}
{"level":"info","message":"Server up: http://localhost:3001","timestamp":"23:21:26"}
{"level":"info","message":"Connected to Mongo DB: http://localhost:3001","timestamp":"23:21:26"}
{"level":"info","message":"Server up: http://localhost:3001","timestamp":"23:39:33"}
{"level":"info","message":"Connected to Mongo DB: http://localhost:3001","timestamp":"23:39:34"}
{"level":"info","message":"Server up: http://localhost:3001","timestamp":"23:45:05"}
{"level":"info","message":"Connected to Mongo DB: http://localhost:3001","timestamp":"23:45:05"}
{"level":"info","message":"Server up: http://localhost:3001","timestamp":"23:45:17"}
{"level":"info","message":"Connected to Mongo DB: http://localhost:3001","timestamp":"23:45:17"}
{"level":"info","message":"Server up: http://localhost:3001","timestamp":"23:46:20"}
{"level":"info","message":"Connected to Mongo DB: http://localhost:3001","timestamp":"23:46:20"}
{"level":"info","message":"Server up: http://localhost:3001","timestamp":"23:52:20"}
{"level":"info","message":"Connected to Mongo DB: http://localhost:3001","timestamp":"23:52:20"}
{"level":"info","message":"Server up: http://localhost:3001","timestamp":"00:11:30"}
{"level":"info","message":"Connected to Mongo DB: http://localhost:3001","timestamp":"00:11:30"}
{"level":"info","message":"Server up: http://localhost:3001","timestamp":"00:12:32"}
{"level":"info","message":"Connected to Mongo DB: http://localhost:3001","timestamp":"00:12:32"}
{"level":"info","message":"Server up: http://localhost:3001","timestamp":"00:12:53"}
{"level":"info","message":"Connected to Mongo DB: http://localhost:3001","timestamp":"00:12:53"}
{"level":"info","message":"Server up: http://localhost:3001","timestamp":"00:14:03"}
{"level":"info","message":"Connected to Mongo DB: http://localhost:3001","timestamp":"00:14:03"}
{"level":"info","message":"Server up: http://localhost:3001","timestamp":"00:37:28"}
{"level":"info","message":"Connected to Mongo DB: http://localhost:3001","timestamp":"00:37:28"}
{"level":"info","message":"Server up: http://localhost:3001","timestamp":"00:46:12"}
{"level":"info","message":"Connected to Mongo DB: http://localhost:3001","timestamp":"00:46:12"}
