{"level":"info","message":"Server up: http://localhost:3001","timestamp":"01:05:02"}
{"level":"info","message":"Connected to Mongo DB: http://localhost:3001","timestamp":"01:05:02"}
{"level":"info","message":"Server up: http://localhost:3001","timestamp":"01:07:59"}
{"level":"info","message":"Connected to Mongo DB: http://localhost:3001","timestamp":"01:07:59"}
{"level":"info","message":"Server up: http://localhost:3001","timestamp":"01:17:02"}
{"level":"info","message":"Connected to Mongo DB: http://localhost:3001","timestamp":"01:17:02"}
{"level":"info","message":"Server up: http://localhost:3001","timestamp":"01:17:17"}
{"level":"info","message":"Connected to Mongo DB: http://localhost:3001","timestamp":"01:17:17"}
{"level":"info","message":"Server up: http://localhost:3001","timestamp":"01:31:33"}
{"level":"info","message":"Connected to Mongo DB: http://localhost:3001","timestamp":"01:31:33"}
{"level":"info","message":"Server up: http://localhost:3001","timestamp":"01:33:03"}
{"level":"info","message":"Connected to Mongo DB: http://localhost:3001","timestamp":"01:33:03"}
{"level":"info","message":"Server up: http://localhost:3001","timestamp":"01:34:05"}
{"level":"info","message":"Connected to Mongo DB: http://localhost:3001","timestamp":"01:34:05"}
{"level":"info","message":"Server up: http://localhost:3001","timestamp":"01:38:55"}
{"level":"info","message":"Connected to Mongo DB: http://localhost:3001","timestamp":"01:38:55"}
{"level":"info","message":"Server up: http://localhost:3001","timestamp":"01:42:08"}
{"level":"info","message":"Connected to Mongo DB: http://localhost:3001","timestamp":"01:42:08"}
{"level":"info","message":"Server up: http://localhost:3001","timestamp":"01:46:08"}
{"level":"info","message":"Connected to Mongo DB: http://localhost:3001","timestamp":"01:46:08"}
{"level":"info","message":"Server up: http://localhost:3001","timestamp":"01:48:46"}
{"level":"info","message":"Connected to Mongo DB: http://localhost:3001","timestamp":"01:48:46"}
{"level":"info","message":"Server up: http://localhost:3001","timestamp":"01:48:55"}
{"level":"info","message":"Connected to Mongo DB: http://localhost:3001","timestamp":"01:48:55"}
{"level":"info","message":"Server up: http://localhost:3001","timestamp":"01:53:37"}
{"level":"info","message":"Connected to Mongo DB: http://localhost:3001","timestamp":"01:53:37"}
{"level":"info","message":"Server up: http://localhost:3001","timestamp":"02:01:32"}
{"level":"info","message":"Connected to Mongo DB: http://localhost:3001","timestamp":"02:01:32"}
{"level":"info","message":"Server up: http://localhost:3001","timestamp":"02:10:16"}
{"level":"info","message":"Connected to Mongo DB: http://localhost:3001","timestamp":"02:10:16"}
{"level":"info","message":"Server up: http://localhost:3001","timestamp":"02:11:11"}
{"level":"info","message":"Connected to Mongo DB: http://localhost:3001","timestamp":"02:11:11"}
{"level":"info","message":"Server up: http://localhost:3001","timestamp":"02:11:57"}
{"level":"info","message":"Connected to Mongo DB: http://localhost:3001","timestamp":"02:11:57"}
{"level":"info","message":"Server up: http://localhost:3001","timestamp":"02:12:58"}
{"level":"info","message":"Connected to Mongo DB: http://localhost:3001","timestamp":"02:12:58"}
{"level":"info","message":"Server up: http://localhost:3001","timestamp":"02:17:43"}
{"level":"info","message":"Connected to Mongo DB: http://localhost:3001","timestamp":"02:17:43"}
{"level":"info","message":"Server up: http://localhost:3001","timestamp":"02:35:00"}
{"level":"info","message":"Connected to Mongo DB: http://localhost:3001","timestamp":"02:35:00"}
{"level":"info","message":"Server up: http://localhost:3001","timestamp":"02:36:01"}
{"level":"info","message":"Connected to Mongo DB: http://localhost:3001","timestamp":"02:36:01"}
{"level":"info","message":"Server up: http://localhost:3001","timestamp":"02:40:51"}
{"level":"info","message":"Connected to Mongo DB: http://localhost:3001","timestamp":"02:40:51"}
{"level":"info","message":"Server up: http://localhost:3001","timestamp":"02:55:39"}
{"level":"info","message":"Connected to Mongo DB: http://localhost:3001","timestamp":"02:55:39"}
{"level":"info","message":"Server up: http://localhost:3001","timestamp":"02:56:01"}
{"level":"info","message":"Connected to Mongo DB: http://localhost:3001","timestamp":"02:56:01"}
{"level":"info","message":"Server up: http://localhost:3001","timestamp":"02:58:53"}
{"level":"info","message":"Connected to Mongo DB: http://localhost:3001","timestamp":"02:58:53"}
{"level":"info","message":"Server up: http://localhost:3001","timestamp":"03:02:05"}
{"level":"info","message":"Connected to Mongo DB: http://localhost:3001","timestamp":"03:02:05"}
{"level":"info","message":"Server up: http://localhost:3001","timestamp":"03:09:18"}
{"level":"info","message":"UTC: Fri, 24 Nov 2017 02:09:18 GMT","timestamp":"03:09:18"}
{"level":"info","message":"ISO: 2017-11-24T02:09:18.955Z","timestamp":"03:09:18"}
{"level":"info","message":"String: Fri Nov 24 2017 03:09:18 GMT+0100 (Mitteleuropäische Zeit)","timestamp":"03:09:18"}
{"level":"info","message":"Connected to Mongo DB: http://localhost:3001","timestamp":"03:09:18"}
{"level":"info","message":"Server up: http://localhost:3001","timestamp":"03:10:20"}
{"level":"info","message":"UTC: Fri, 24 Nov 2017 02:10:20 GMT","timestamp":"03:10:20"}
{"level":"info","message":"ISO: 2017-11-24T02:10:20.605Z","timestamp":"03:10:20"}
{"level":"info","message":"String: Fri Nov 24 2017 03:10:20 GMT+0100 (Mitteleuropäische Zeit)","timestamp":"03:10:20"}
{"level":"info","message":"Connected to Mongo DB: http://localhost:3001","timestamp":"03:10:20"}
{"level":"info","message":"Server up: http://localhost:3001","timestamp":"03:12:51"}
{"level":"info","message":"UTC: Fri, 24 Nov 2017 02:12:51 GMT","timestamp":"03:12:51"}
{"level":"info","message":"ISO: 2017-11-24T02:12:51.901Z","timestamp":"03:12:51"}
{"level":"info","message":"String: Fri Nov 24 2017 03:12:51 GMT+0100 (Mitteleuropäische Zeit)","timestamp":"03:12:51"}
{"level":"info","message":"Connected to Mongo DB: http://localhost:3001","timestamp":"03:12:51"}
{"level":"info","message":"Server up: http://localhost:3001","timestamp":"03:13:50"}
{"level":"info","message":"UTC: Fri, 24 Nov 2017 02:13:50 GMT","timestamp":"03:13:50"}
{"level":"info","message":"ISO: 2017-11-24T02:13:50.369Z","timestamp":"03:13:50"}
{"level":"info","message":"String: Fri Nov 24 2017 03:13:50 GMT+0100 (Mitteleuropäische Zeit)","timestamp":"03:13:50"}
{"level":"info","message":"Connected to Mongo DB: http://localhost:3001","timestamp":"03:13:50"}
{"level":"info","message":"Server up: http://localhost:3001","timestamp":"03:25:51"}
{"level":"info","message":"UTC: Fri, 24 Nov 2017 02:25:51 GMT","timestamp":"03:25:51"}
{"level":"info","message":"ISO: 2017-11-24T02:25:51.270Z","timestamp":"03:25:51"}
{"level":"info","message":"String: Fri Nov 24 2017 03:25:51 GMT+0100 (Mitteleuropäische Zeit)","timestamp":"03:25:51"}
{"level":"info","message":"Connected to Mongo DB: http://localhost:3001","timestamp":"03:25:51"}
{"level":"info","message":"Server up: http://localhost:3001","timestamp":"03:26:37"}
{"level":"info","message":"Connected to Mongo DB: http://localhost:3001","timestamp":"03:26:37"}
{"level":"info","message":"Server up: http://localhost:3001","timestamp":"23:17:53"}
{"level":"info","message":"Connected to Mongo DB: http://localhost:3001","timestamp":"23:17:53"}
{"level":"info","message":"Server up: http://localhost:3001","timestamp":"23:43:39"}
{"level":"info","message":"Connected to Mongo DB: http://localhost:3001","timestamp":"23:43:39"}
{"level":"info","message":"Server up: http://localhost:3001","timestamp":"23:57:02"}
{"level":"info","message":"Connected to Mongo DB: http://localhost:3001","timestamp":"23:57:03"}
{"level":"info","message":"Server up: http://localhost:3001","timestamp":"00:09:28"}
{"level":"info","message":"Connected to Mongo DB: http://localhost:3001","timestamp":"00:09:28"}
{"level":"info","message":"Server up: http://localhost:3001","timestamp":"00:50:02"}
{"level":"info","message":"Connected to Mongo DB: http://localhost:3001","timestamp":"00:50:02"}
